<?xml version="1.0" encoding="UTF-8"?>
<testng-results ignored="0" total="1" passed="1" failed="0" skipped="0">
  <reporter-output>
  </reporter-output>
  <suite started-at="2020-06-17T11:40:28Z" name="Page Object Model with page factories" finished-at="2020-06-17T11:40:51Z" duration-ms="22548">
    <groups>
    </groups>
    <test started-at="2020-06-17T11:40:28Z" name="Flight search Test" finished-at="2020-06-17T11:40:51Z" duration-ms="22548">
      <class name="com.w2a.rough.FlightSearchTest">
        <test-method is-config="true" signature="setUp()[pri:0, instance:com.w2a.rough.FlightSearchTest@49964d75]" started-at="2020-06-17T14:40:28Z" name="setUp" finished-at="2020-06-17T14:40:43Z" duration-ms="14453" status="PASS">
          <reporter-output>
          </reporter-output>
        </test-method> <!-- setUp -->
        <test-method signature="flightSearchTest()[pri:0, instance:com.w2a.rough.FlightSearchTest@49964d75]" started-at="2020-06-17T14:40:43Z" name="flightSearchTest" finished-at="2020-06-17T14:40:49Z" duration-ms="6428" status="PASS">
          <reporter-output>
          </reporter-output>
        </test-method> <!-- flightSearchTest -->
        <test-method is-config="true" signature="tearDown()[pri:0, instance:com.w2a.rough.FlightSearchTest@49964d75]" started-at="2020-06-17T14:40:50Z" name="tearDown" finished-at="2020-06-17T14:40:51Z" duration-ms="1207" status="PASS">
          <reporter-output>
          </reporter-output>
        </test-method> <!-- tearDown -->
      </class> <!-- com.w2a.rough.FlightSearchTest -->
    </test> <!-- Flight search Test -->
  </suite> <!-- Page Object Model with page factories -->
</testng-results>
