<?xml version="1.0" encoding="UTF-8"?>
<testng-results ignored="0" total="1" passed="1" failed="0" skipped="0">
  <reporter-output>
  </reporter-output>
  <suite started-at="2020-06-17T11:22:36Z" name="Page Object Model with page factories" finished-at="2020-06-17T11:23:01Z" duration-ms="25193">
    <groups>
    </groups>
    <test started-at="2020-06-17T11:22:36Z" name="Flight search Test" finished-at="2020-06-17T11:23:01Z" duration-ms="25193">
      <class name="com.w2a.rough.FlightSearchTest">
        <test-method is-config="true" signature="setUp()[pri:0, instance:com.w2a.rough.FlightSearchTest@301ec38b]" started-at="2020-06-17T14:22:36Z" name="setUp" finished-at="2020-06-17T14:22:52Z" duration-ms="16323" status="PASS">
          <reporter-output>
          </reporter-output>
        </test-method> <!-- setUp -->
        <test-method signature="flightSearchTest()[pri:0, instance:com.w2a.rough.FlightSearchTest@301ec38b]" started-at="2020-06-17T14:22:52Z" name="flightSearchTest" finished-at="2020-06-17T14:23:00Z" duration-ms="7252" status="PASS">
          <reporter-output>
          </reporter-output>
        </test-method> <!-- flightSearchTest -->
        <test-method is-config="true" signature="tearDown()[pri:0, instance:com.w2a.rough.FlightSearchTest@301ec38b]" started-at="2020-06-17T14:23:00Z" name="tearDown" finished-at="2020-06-17T14:23:01Z" duration-ms="1137" status="PASS">
          <reporter-output>
          </reporter-output>
        </test-method> <!-- tearDown -->
      </class> <!-- com.w2a.rough.FlightSearchTest -->
    </test> <!-- Flight search Test -->
  </suite> <!-- Page Object Model with page factories -->
</testng-results>
